mode: set
github.com/telnet2/mysql-vfs/pkg/idempotency/middleware.go:29.39,31.2 1 0
github.com/telnet2/mysql-vfs/pkg/idempotency/middleware.go:34.48,35.58 1 0
github.com/telnet2/mysql-vfs/pkg/idempotency/middleware.go:35.58,38.64 2 0
github.com/telnet2/mysql-vfs/pkg/idempotency/middleware.go:38.64,41.4 2 0
github.com/telnet2/mysql-vfs/pkg/idempotency/middleware.go:44.3,45.22 2 0
github.com/telnet2/mysql-vfs/pkg/idempotency/middleware.go:45.22,51.4 3 0
github.com/telnet2/mysql-vfs/pkg/idempotency/middleware.go:54.3,54.50 1 0
github.com/telnet2/mysql-vfs/pkg/idempotency/middleware.go:54.50,60.4 3 0
github.com/telnet2/mysql-vfs/pkg/idempotency/middleware.go:63.3,65.17 3 0
github.com/telnet2/mysql-vfs/pkg/idempotency/middleware.go:65.17,70.4 3 0
github.com/telnet2/mysql-vfs/pkg/idempotency/middleware.go:70.9,70.43 1 0
github.com/telnet2/mysql-vfs/pkg/idempotency/middleware.go:70.43,77.4 3 0
github.com/telnet2/mysql-vfs/pkg/idempotency/middleware.go:80.3,83.14 2 0
github.com/telnet2/mysql-vfs/pkg/idempotency/middleware.go:88.79,91.16 2 0
github.com/telnet2/mysql-vfs/pkg/idempotency/middleware.go:91.16,93.3 1 0
github.com/telnet2/mysql-vfs/pkg/idempotency/middleware.go:96.2,108.51 4 0
github.com/telnet2/mysql-vfs/pkg/idempotency/middleware.go:108.51,110.3 1 0
github.com/telnet2/mysql-vfs/pkg/idempotency/middleware.go:112.2,112.12 1 0
github.com/telnet2/mysql-vfs/pkg/idempotency/middleware.go:116.49,117.48 1 0
github.com/telnet2/mysql-vfs/pkg/idempotency/middleware.go:117.48,118.40 1 0
github.com/telnet2/mysql-vfs/pkg/idempotency/middleware.go:118.40,120.4 1 0
github.com/telnet2/mysql-vfs/pkg/idempotency/middleware.go:122.2,122.11 1 0
github.com/telnet2/mysql-vfs/pkg/idempotency/middleware.go:126.42,128.25 2 0
github.com/telnet2/mysql-vfs/pkg/idempotency/middleware.go:128.25,130.3 1 0
github.com/telnet2/mysql-vfs/pkg/idempotency/middleware.go:131.2,131.12 1 0
github.com/telnet2/mysql-vfs/pkg/idempotency/middleware.go:135.83,139.6 3 0
github.com/telnet2/mysql-vfs/pkg/idempotency/middleware.go:139.6,140.10 1 0
github.com/telnet2/mysql-vfs/pkg/idempotency/middleware.go:141.21,142.10 1 0
github.com/telnet2/mysql-vfs/pkg/idempotency/middleware.go:143.19,144.45 1 0
github.com/telnet2/mysql-vfs/pkg/idempotency/middleware.go:144.45,147.5 1 0
github.com/telnet2/mysql-vfs/pkg/storage/s3.go:42.67,44.16 2 0
github.com/telnet2/mysql-vfs/pkg/storage/s3.go:44.16,46.3 1 0
github.com/telnet2/mysql-vfs/pkg/storage/s3.go:48.2,50.8 1 0
github.com/telnet2/mysql-vfs/pkg/storage/s3.go:54.62,59.36 4 0
github.com/telnet2/mysql-vfs/pkg/storage/s3.go:59.36,61.3 1 0
github.com/telnet2/mysql-vfs/pkg/storage/s3.go:64.2,65.81 2 0
github.com/telnet2/mysql-vfs/pkg/storage/s3.go:65.81,69.3 1 0
github.com/telnet2/mysql-vfs/pkg/storage/s3.go:69.8,71.3 1 0
github.com/telnet2/mysql-vfs/pkg/storage/s3.go:73.2,73.54 1 0
github.com/telnet2/mysql-vfs/pkg/storage/s3.go:77.83,79.16 2 0
github.com/telnet2/mysql-vfs/pkg/storage/s3.go:79.16,81.3 1 0
github.com/telnet2/mysql-vfs/pkg/storage/s3.go:83.2,83.52 1 0
github.com/telnet2/mysql-vfs/pkg/storage/s3.go:83.52,86.3 2 0
github.com/telnet2/mysql-vfs/pkg/storage/s3.go:88.2,88.39 1 0
github.com/telnet2/mysql-vfs/pkg/storage/s3.go:88.39,90.3 1 0
github.com/telnet2/mysql-vfs/pkg/storage/s3.go:92.2,92.12 1 0
github.com/telnet2/mysql-vfs/pkg/storage/s3.go:96.81,98.16 2 0
github.com/telnet2/mysql-vfs/pkg/storage/s3.go:98.16,100.3 1 0
github.com/telnet2/mysql-vfs/pkg/storage/s3.go:102.2,102.20 1 0
github.com/telnet2/mysql-vfs/pkg/storage/s3.go:106.67,107.50 1 0
github.com/telnet2/mysql-vfs/pkg/storage/s3.go:107.50,109.3 1 0
github.com/telnet2/mysql-vfs/pkg/storage/s3.go:111.2,111.12 1 0
github.com/telnet2/mysql-vfs/pkg/storage/s3.go:115.75,117.2 1 0
github.com/telnet2/mysql-vfs/pkg/storage/s3.go:120.35,122.2 1 0
github.com/telnet2/mysql-vfs/pkg/cron/handlers/integrity_check.go:20.67,22.2 1 0
github.com/telnet2/mysql-vfs/pkg/cron/handlers/integrity_check.go:31.84,36.19 3 0
github.com/telnet2/mysql-vfs/pkg/cron/handlers/integrity_check.go:36.19,37.66 1 0
github.com/telnet2/mysql-vfs/pkg/cron/handlers/integrity_check.go:37.66,39.4 1 0
github.com/telnet2/mysql-vfs/pkg/cron/handlers/integrity_check.go:40.8,44.3 2 0
github.com/telnet2/mysql-vfs/pkg/cron/handlers/integrity_check.go:46.2,46.23 1 0
github.com/telnet2/mysql-vfs/pkg/cron/handlers/integrity_check.go:46.23,50.17 3 0
github.com/telnet2/mysql-vfs/pkg/cron/handlers/integrity_check.go:50.17,52.4 1 0
github.com/telnet2/mysql-vfs/pkg/cron/handlers/integrity_check.go:54.3,55.29 2 0
github.com/telnet2/mysql-vfs/pkg/cron/handlers/integrity_check.go:55.29,56.17 1 0
github.com/telnet2/mysql-vfs/pkg/cron/handlers/integrity_check.go:56.17,58.5 1 0
github.com/telnet2/mysql-vfs/pkg/cron/handlers/integrity_check.go:61.3,63.23 2 0
github.com/telnet2/mysql-vfs/pkg/cron/handlers/integrity_check.go:63.23,65.30 1 0
github.com/telnet2/mysql-vfs/pkg/cron/handlers/integrity_check.go:65.30,66.18 1 0
github.com/telnet2/mysql-vfs/pkg/cron/handlers/integrity_check.go:66.18,68.6 1 0
github.com/telnet2/mysql-vfs/pkg/cron/handlers/integrity_check.go:68.11,70.6 1 0
github.com/telnet2/mysql-vfs/pkg/cron/handlers/integrity_check.go:73.8,77.17 3 0
github.com/telnet2/mysql-vfs/pkg/cron/handlers/integrity_check.go:77.17,79.4 1 0
github.com/telnet2/mysql-vfs/pkg/cron/handlers/integrity_check.go:81.3,81.24 1 0
github.com/telnet2/mysql-vfs/pkg/cron/handlers/integrity_check.go:81.24,83.4 1 0
github.com/telnet2/mysql-vfs/pkg/cron/handlers/integrity_check.go:83.9,88.30 3 0
github.com/telnet2/mysql-vfs/pkg/cron/handlers/integrity_check.go:88.30,90.5 1 0
github.com/telnet2/mysql-vfs/pkg/cron/handlers/integrity_check.go:92.4,92.43 1 0
github.com/telnet2/mysql-vfs/pkg/cron/handlers/integrity_check.go:92.43,94.34 2 0
github.com/telnet2/mysql-vfs/pkg/cron/handlers/integrity_check.go:94.34,96.6 1 0
github.com/telnet2/mysql-vfs/pkg/cron/handlers/integrity_check.go:99.4,99.77 1 0
github.com/telnet2/mysql-vfs/pkg/cron/handlers/integrity_check.go:103.2,103.12 1 0
github.com/telnet2/mysql-vfs/pkg/cron/handlers/integrity_check.go:107.47,109.2 1 0
github.com/telnet2/mysql-vfs/pkg/models/audit.go:22.36,24.2 1 0
github.com/telnet2/mysql-vfs/pkg/models/audit.go:37.43,39.2 1 0
github.com/telnet2/mysql-vfs/pkg/models/cron.go:27.35,29.2 1 0
github.com/telnet2/mysql-vfs/pkg/models/cron.go:61.41,63.2 1 0
github.com/telnet2/mysql-vfs/pkg/models/directory.go:29.37,31.2 1 0
github.com/telnet2/mysql-vfs/pkg/models/event.go:39.33,41.2 1 0
github.com/telnet2/mysql-vfs/pkg/models/event.go:44.49,45.26 1 0
github.com/telnet2/mysql-vfs/pkg/models/event.go:45.26,47.3 1 0
github.com/telnet2/mysql-vfs/pkg/models/event.go:48.2,48.12 1 0
github.com/telnet2/mysql-vfs/pkg/models/file.go:40.32,42.2 1 0
github.com/telnet2/mysql-vfs/pkg/models/file.go:45.48,47.29 1 0
github.com/telnet2/mysql-vfs/pkg/models/file.go:47.29,49.3 1 0
github.com/telnet2/mysql-vfs/pkg/models/file.go:52.2,52.62 1 0
github.com/telnet2/mysql-vfs/pkg/models/file.go:52.62,54.3 1 0
github.com/telnet2/mysql-vfs/pkg/models/file.go:55.2,55.54 1 0
github.com/telnet2/mysql-vfs/pkg/models/file.go:55.54,57.3 1 0
github.com/telnet2/mysql-vfs/pkg/models/file.go:59.2,59.12 1 0
github.com/telnet2/mysql-vfs/pkg/models/file_relation.go:21.40,23.2 1 0
github.com/telnet2/mysql-vfs/pkg/models/file_version.go:24.39,26.2 1 0
github.com/telnet2/mysql-vfs/pkg/models/idempotency.go:16.45,18.2 1 0
github.com/telnet2/mysql-vfs/pkg/models/opa_policy.go:26.37,28.2 1 0
github.com/telnet2/mysql-vfs/pkg/models/webhook.go:38.41,40.2 1 0
github.com/telnet2/mysql-vfs/pkg/models/webhook.go:70.38,72.2 1 0
github.com/telnet2/mysql-vfs/pkg/db/migrate.go:19.44,25.16 2 0
github.com/telnet2/mysql-vfs/pkg/db/migrate.go:25.16,27.3 1 0
github.com/telnet2/mysql-vfs/pkg/db/migrate.go:29.2,29.16 1 0
github.com/telnet2/mysql-vfs/pkg/db/migrate.go:33.37,52.59 2 0
github.com/telnet2/mysql-vfs/pkg/db/migrate.go:52.59,54.3 1 0
github.com/telnet2/mysql-vfs/pkg/db/migrate.go:57.2,57.49 1 0
github.com/telnet2/mysql-vfs/pkg/db/migrate.go:57.49,59.3 1 0
github.com/telnet2/mysql-vfs/pkg/db/migrate.go:61.2,61.12 1 0
github.com/telnet2/mysql-vfs/pkg/db/migrate.go:65.46,71.23 1 0
github.com/telnet2/mysql-vfs/pkg/db/migrate.go:71.23,73.36 1 0
github.com/telnet2/mysql-vfs/pkg/db/migrate.go:73.36,75.4 1 0
github.com/telnet2/mysql-vfs/pkg/db/migrate.go:79.2,86.23 1 0
github.com/telnet2/mysql-vfs/pkg/db/migrate.go:86.23,87.36 1 0
github.com/telnet2/mysql-vfs/pkg/db/migrate.go:87.36,89.4 1 0
github.com/telnet2/mysql-vfs/pkg/db/migrate.go:93.2,97.23 1 0
github.com/telnet2/mysql-vfs/pkg/db/migrate.go:97.24,100.3 0 0
github.com/telnet2/mysql-vfs/pkg/db/migrate.go:102.2,102.12 1 0
github.com/telnet2/mysql-vfs/pkg/db/migrate.go:106.46,112.2 1 0
github.com/telnet2/mysql-vfs/pkg/db/migrate.go:115.37,117.16 2 0
github.com/telnet2/mysql-vfs/pkg/db/migrate.go:117.16,119.3 1 0
github.com/telnet2/mysql-vfs/pkg/db/migrate.go:121.2,121.37 1 0
github.com/telnet2/mysql-vfs/pkg/db/migrate.go:121.37,123.3 1 0
github.com/telnet2/mysql-vfs/pkg/db/migrate.go:125.2,125.12 1 0
github.com/telnet2/mysql-vfs/pkg/integrity/repair.go:20.51,25.2 1 0
github.com/telnet2/mysql-vfs/pkg/integrity/repair.go:37.93,44.16 4 0
github.com/telnet2/mysql-vfs/pkg/integrity/repair.go:44.16,46.3 1 0
github.com/telnet2/mysql-vfs/pkg/integrity/repair.go:47.2,51.16 3 0
github.com/telnet2/mysql-vfs/pkg/integrity/repair.go:51.16,53.3 1 0
github.com/telnet2/mysql-vfs/pkg/integrity/repair.go:54.2,58.16 3 0
github.com/telnet2/mysql-vfs/pkg/integrity/repair.go:58.16,60.3 1 0
github.com/telnet2/mysql-vfs/pkg/integrity/repair.go:61.2,65.16 3 0
github.com/telnet2/mysql-vfs/pkg/integrity/repair.go:65.16,67.3 1 0
github.com/telnet2/mysql-vfs/pkg/integrity/repair.go:68.2,72.16 3 0
github.com/telnet2/mysql-vfs/pkg/integrity/repair.go:72.16,74.3 1 0
github.com/telnet2/mysql-vfs/pkg/integrity/repair.go:75.2,79.16 3 0
github.com/telnet2/mysql-vfs/pkg/integrity/repair.go:79.16,81.3 1 0
github.com/telnet2/mysql-vfs/pkg/integrity/repair.go:82.2,85.33 3 0
github.com/telnet2/mysql-vfs/pkg/integrity/repair.go:85.33,86.21 1 0
github.com/telnet2/mysql-vfs/pkg/integrity/repair.go:86.21,88.4 1 0
github.com/telnet2/mysql-vfs/pkg/integrity/repair.go:91.2,92.21 2 0
github.com/telnet2/mysql-vfs/pkg/integrity/repair.go:96.109,98.16 2 0
github.com/telnet2/mysql-vfs/pkg/integrity/repair.go:98.16,100.3 1 0
github.com/telnet2/mysql-vfs/pkg/integrity/repair.go:102.2,104.31 2 0
github.com/telnet2/mysql-vfs/pkg/integrity/repair.go:104.31,107.13 2 0
github.com/telnet2/mysql-vfs/pkg/integrity/repair.go:107.13,114.12 2 0
github.com/telnet2/mysql-vfs/pkg/integrity/repair.go:118.3,128.17 3 0
github.com/telnet2/mysql-vfs/pkg/integrity/repair.go:128.17,130.4 1 0
github.com/telnet2/mysql-vfs/pkg/integrity/repair.go:133.2,133.21 1 0
github.com/telnet2/mysql-vfs/pkg/integrity/repair.go:137.103,139.16 2 0
github.com/telnet2/mysql-vfs/pkg/integrity/repair.go:139.16,141.3 1 0
github.com/telnet2/mysql-vfs/pkg/integrity/repair.go:143.2,145.32 2 0
github.com/telnet2/mysql-vfs/pkg/integrity/repair.go:145.32,148.13 2 0
github.com/telnet2/mysql-vfs/pkg/integrity/repair.go:148.13,155.12 2 0
github.com/telnet2/mysql-vfs/pkg/integrity/repair.go:159.3,169.17 3 0
github.com/telnet2/mysql-vfs/pkg/integrity/repair.go:169.17,171.4 1 0
github.com/telnet2/mysql-vfs/pkg/integrity/repair.go:174.2,174.21 1 0
github.com/telnet2/mysql-vfs/pkg/integrity/repair.go:178.110,195.16 3 0
github.com/telnet2/mysql-vfs/pkg/integrity/repair.go:195.16,197.3 1 0
github.com/telnet2/mysql-vfs/pkg/integrity/repair.go:199.2,201.43 2 0
github.com/telnet2/mysql-vfs/pkg/integrity/repair.go:201.43,204.13 2 0
github.com/telnet2/mysql-vfs/pkg/integrity/repair.go:204.13,211.12 2 0
github.com/telnet2/mysql-vfs/pkg/integrity/repair.go:215.3,225.17 3 0
github.com/telnet2/mysql-vfs/pkg/integrity/repair.go:225.17,227.4 1 0
github.com/telnet2/mysql-vfs/pkg/integrity/repair.go:230.2,230.21 1 0
github.com/telnet2/mysql-vfs/pkg/integrity/repair.go:234.111,257.16 3 0
github.com/telnet2/mysql-vfs/pkg/integrity/repair.go:257.16,259.3 1 0
github.com/telnet2/mysql-vfs/pkg/integrity/repair.go:261.2,263.45 2 0
github.com/telnet2/mysql-vfs/pkg/integrity/repair.go:263.45,267.13 2 0
github.com/telnet2/mysql-vfs/pkg/integrity/repair.go:267.13,274.12 2 0
github.com/telnet2/mysql-vfs/pkg/integrity/repair.go:278.3,288.17 3 0
github.com/telnet2/mysql-vfs/pkg/integrity/repair.go:288.17,290.4 1 0
github.com/telnet2/mysql-vfs/pkg/integrity/repair.go:293.2,293.21 1 0
github.com/telnet2/mysql-vfs/pkg/integrity/repair.go:297.106,312.16 3 0
github.com/telnet2/mysql-vfs/pkg/integrity/repair.go:312.16,314.3 1 0
github.com/telnet2/mysql-vfs/pkg/integrity/repair.go:316.2,318.36 2 0
github.com/telnet2/mysql-vfs/pkg/integrity/repair.go:318.36,320.33 2 0
github.com/telnet2/mysql-vfs/pkg/integrity/repair.go:320.33,322.4 1 0
github.com/telnet2/mysql-vfs/pkg/integrity/repair.go:324.3,326.13 2 0
github.com/telnet2/mysql-vfs/pkg/integrity/repair.go:326.13,333.12 2 0
github.com/telnet2/mysql-vfs/pkg/integrity/repair.go:337.3,353.17 3 0
github.com/telnet2/mysql-vfs/pkg/integrity/repair.go:353.17,355.4 1 0
github.com/telnet2/mysql-vfs/pkg/integrity/repair.go:358.2,358.21 1 0
github.com/telnet2/mysql-vfs/pkg/integrity/repair.go:362.102,376.16 3 0
github.com/telnet2/mysql-vfs/pkg/integrity/repair.go:376.16,378.3 1 0
github.com/telnet2/mysql-vfs/pkg/integrity/repair.go:380.2,382.36 2 0
github.com/telnet2/mysql-vfs/pkg/integrity/repair.go:382.36,385.13 2 0
github.com/telnet2/mysql-vfs/pkg/integrity/repair.go:385.13,392.12 2 0
github.com/telnet2/mysql-vfs/pkg/integrity/repair.go:396.3,412.17 3 0
github.com/telnet2/mysql-vfs/pkg/integrity/repair.go:412.17,414.4 1 0
github.com/telnet2/mysql-vfs/pkg/integrity/repair.go:417.2,417.21 1 0
github.com/telnet2/mysql-vfs/pkg/integrity/validator.go:19.43,21.2 1 0
github.com/telnet2/mysql-vfs/pkg/integrity/validator.go:33.82,40.16 4 0
github.com/telnet2/mysql-vfs/pkg/integrity/validator.go:40.16,42.3 1 0
github.com/telnet2/mysql-vfs/pkg/integrity/validator.go:43.2,47.16 3 0
github.com/telnet2/mysql-vfs/pkg/integrity/validator.go:47.16,49.3 1 0
github.com/telnet2/mysql-vfs/pkg/integrity/validator.go:50.2,54.16 3 0
github.com/telnet2/mysql-vfs/pkg/integrity/validator.go:54.16,56.3 1 0
github.com/telnet2/mysql-vfs/pkg/integrity/validator.go:57.2,61.16 3 0
github.com/telnet2/mysql-vfs/pkg/integrity/validator.go:61.16,63.3 1 0
github.com/telnet2/mysql-vfs/pkg/integrity/validator.go:64.2,68.16 3 0
github.com/telnet2/mysql-vfs/pkg/integrity/validator.go:68.16,70.3 1 0
github.com/telnet2/mysql-vfs/pkg/integrity/validator.go:71.2,75.16 3 0
github.com/telnet2/mysql-vfs/pkg/integrity/validator.go:75.16,77.3 1 0
github.com/telnet2/mysql-vfs/pkg/integrity/validator.go:78.2,81.21 3 0
github.com/telnet2/mysql-vfs/pkg/integrity/validator.go:85.90,109.16 4 0
github.com/telnet2/mysql-vfs/pkg/integrity/validator.go:109.16,111.3 1 0
github.com/telnet2/mysql-vfs/pkg/integrity/validator.go:113.2,113.35 1 0
github.com/telnet2/mysql-vfs/pkg/integrity/validator.go:113.35,120.3 1 0
github.com/telnet2/mysql-vfs/pkg/integrity/validator.go:124.2,137.16 3 0
github.com/telnet2/mysql-vfs/pkg/integrity/validator.go:137.16,139.3 1 0
github.com/telnet2/mysql-vfs/pkg/integrity/validator.go:141.2,141.31 1 0
github.com/telnet2/mysql-vfs/pkg/integrity/validator.go:141.31,148.3 1 0
github.com/telnet2/mysql-vfs/pkg/integrity/validator.go:151.2,171.16 3 0
github.com/telnet2/mysql-vfs/pkg/integrity/validator.go:171.16,173.3 1 0
github.com/telnet2/mysql-vfs/pkg/integrity/validator.go:175.2,175.40 1 0
github.com/telnet2/mysql-vfs/pkg/integrity/validator.go:175.40,182.3 1 0
github.com/telnet2/mysql-vfs/pkg/integrity/validator.go:184.2,184.21 1 0
github.com/telnet2/mysql-vfs/pkg/integrity/validator.go:188.84,210.16 4 0
github.com/telnet2/mysql-vfs/pkg/integrity/validator.go:210.16,212.3 1 0
github.com/telnet2/mysql-vfs/pkg/integrity/validator.go:214.2,214.37 1 0
github.com/telnet2/mysql-vfs/pkg/integrity/validator.go:214.37,221.3 1 0
github.com/telnet2/mysql-vfs/pkg/integrity/validator.go:224.2,245.16 3 0
github.com/telnet2/mysql-vfs/pkg/integrity/validator.go:245.16,247.3 1 0
github.com/telnet2/mysql-vfs/pkg/integrity/validator.go:249.2,249.37 1 0
github.com/telnet2/mysql-vfs/pkg/integrity/validator.go:249.37,256.3 1 0
github.com/telnet2/mysql-vfs/pkg/integrity/validator.go:258.2,258.21 1 0
github.com/telnet2/mysql-vfs/pkg/integrity/validator.go:262.91,282.16 4 0
github.com/telnet2/mysql-vfs/pkg/integrity/validator.go:282.16,284.3 1 0
github.com/telnet2/mysql-vfs/pkg/integrity/validator.go:286.2,286.43 1 0
github.com/telnet2/mysql-vfs/pkg/integrity/validator.go:286.43,293.3 1 0
github.com/telnet2/mysql-vfs/pkg/integrity/validator.go:295.2,295.21 1 0
github.com/telnet2/mysql-vfs/pkg/integrity/validator.go:299.92,319.16 4 0
github.com/telnet2/mysql-vfs/pkg/integrity/validator.go:319.16,321.3 1 0
github.com/telnet2/mysql-vfs/pkg/integrity/validator.go:323.2,323.38 1 0
github.com/telnet2/mysql-vfs/pkg/integrity/validator.go:323.38,330.3 1 0
github.com/telnet2/mysql-vfs/pkg/integrity/validator.go:333.2,349.16 3 0
github.com/telnet2/mysql-vfs/pkg/integrity/validator.go:349.16,351.3 1 0
github.com/telnet2/mysql-vfs/pkg/integrity/validator.go:353.2,353.42 1 0
github.com/telnet2/mysql-vfs/pkg/integrity/validator.go:353.42,360.3 1 0
github.com/telnet2/mysql-vfs/pkg/integrity/validator.go:363.2,375.16 3 0
github.com/telnet2/mysql-vfs/pkg/integrity/validator.go:375.16,377.3 1 0
github.com/telnet2/mysql-vfs/pkg/integrity/validator.go:379.2,379.31 1 0
github.com/telnet2/mysql-vfs/pkg/integrity/validator.go:379.31,386.3 1 0
github.com/telnet2/mysql-vfs/pkg/integrity/validator.go:388.2,388.21 1 0
github.com/telnet2/mysql-vfs/pkg/integrity/validator.go:392.85,414.16 4 0
github.com/telnet2/mysql-vfs/pkg/integrity/validator.go:414.16,416.3 1 0
github.com/telnet2/mysql-vfs/pkg/integrity/validator.go:418.2,418.36 1 0
github.com/telnet2/mysql-vfs/pkg/integrity/validator.go:418.36,425.3 1 0
github.com/telnet2/mysql-vfs/pkg/integrity/validator.go:427.2,427.21 1 0
github.com/telnet2/mysql-vfs/pkg/integrity/validator.go:431.93,450.16 4 0
github.com/telnet2/mysql-vfs/pkg/integrity/validator.go:450.16,452.3 1 0
github.com/telnet2/mysql-vfs/pkg/integrity/validator.go:454.2,454.37 1 0
github.com/telnet2/mysql-vfs/pkg/integrity/validator.go:454.37,461.3 1 0
github.com/telnet2/mysql-vfs/pkg/integrity/validator.go:464.2,479.16 3 0
github.com/telnet2/mysql-vfs/pkg/integrity/validator.go:479.16,481.3 1 0
github.com/telnet2/mysql-vfs/pkg/integrity/validator.go:483.2,483.36 1 0
github.com/telnet2/mysql-vfs/pkg/integrity/validator.go:483.36,490.3 1 0
github.com/telnet2/mysql-vfs/pkg/integrity/validator.go:492.2,492.21 1 0
github.com/telnet2/mysql-vfs/pkg/integrity/validator.go:496.94,514.2 3 0
github.com/telnet2/mysql-vfs/pkg/integrity/validator.go:517.83,533.2 3 0
github.com/telnet2/mysql-vfs/pkg/services/directory_service.go:24.57,26.2 1 0
github.com/telnet2/mysql-vfs/pkg/services/directory_service.go:29.44,32.2 2 0
github.com/telnet2/mysql-vfs/pkg/services/directory_service.go:35.130,38.22 2 0
github.com/telnet2/mysql-vfs/pkg/services/directory_service.go:38.22,41.3 1 0
github.com/telnet2/mysql-vfs/pkg/services/directory_service.go:44.2,45.16 2 0
github.com/telnet2/mysql-vfs/pkg/services/directory_service.go:45.16,47.3 1 0
github.com/telnet2/mysql-vfs/pkg/services/directory_service.go:50.2,61.47 2 0
github.com/telnet2/mysql-vfs/pkg/services/directory_service.go:61.47,63.3 1 0
github.com/telnet2/mysql-vfs/pkg/services/directory_service.go:65.2,65.12 1 0
github.com/telnet2/mysql-vfs/pkg/services/directory_service.go:69.138,71.47 1 0
github.com/telnet2/mysql-vfs/pkg/services/directory_service.go:71.47,73.3 1 0
github.com/telnet2/mysql-vfs/pkg/services/directory_service.go:76.2,80.17 3 0
github.com/telnet2/mysql-vfs/pkg/services/directory_service.go:80.17,82.3 1 0
github.com/telnet2/mysql-vfs/pkg/services/directory_service.go:84.2,85.50 2 0
github.com/telnet2/mysql-vfs/pkg/services/directory_service.go:85.50,88.57 2 0
github.com/telnet2/mysql-vfs/pkg/services/directory_service.go:88.57,90.4 1 0
github.com/telnet2/mysql-vfs/pkg/services/directory_service.go:93.3,94.24 2 0
github.com/telnet2/mysql-vfs/pkg/services/directory_service.go:94.24,95.103 1 0
github.com/telnet2/mysql-vfs/pkg/services/directory_service.go:95.103,96.38 1 0
github.com/telnet2/mysql-vfs/pkg/services/directory_service.go:96.38,98.6 1 0
github.com/telnet2/mysql-vfs/pkg/services/directory_service.go:99.5,99.15 1 0
github.com/telnet2/mysql-vfs/pkg/services/directory_service.go:104.3,106.17 3 0
github.com/telnet2/mysql-vfs/pkg/services/directory_service.go:106.17,108.4 1 0
github.com/telnet2/mysql-vfs/pkg/services/directory_service.go:108.9,108.43 1 0
github.com/telnet2/mysql-vfs/pkg/services/directory_service.go:108.43,110.4 1 0
github.com/telnet2/mysql-vfs/pkg/services/directory_service.go:113.3,125.24 3 0
github.com/telnet2/mysql-vfs/pkg/services/directory_service.go:125.24,127.4 1 0
github.com/telnet2/mysql-vfs/pkg/services/directory_service.go:129.3,129.46 1 0
github.com/telnet2/mysql-vfs/pkg/services/directory_service.go:129.46,131.4 1 0
github.com/telnet2/mysql-vfs/pkg/services/directory_service.go:134.3,140.18 1 0
github.com/telnet2/mysql-vfs/pkg/services/directory_service.go:140.18,142.4 1 0
github.com/telnet2/mysql-vfs/pkg/services/directory_service.go:144.3,144.13 1 0
github.com/telnet2/mysql-vfs/pkg/services/directory_service.go:147.2,147.16 1 0
github.com/telnet2/mysql-vfs/pkg/services/directory_service.go:147.16,149.3 1 0
github.com/telnet2/mysql-vfs/pkg/services/directory_service.go:151.2,151.17 1 0
github.com/telnet2/mysql-vfs/pkg/services/directory_service.go:155.135,162.20 5 0
github.com/telnet2/mysql-vfs/pkg/services/directory_service.go:162.20,166.3 2 0
github.com/telnet2/mysql-vfs/pkg/services/directory_service.go:166.8,167.98 1 0
github.com/telnet2/mysql-vfs/pkg/services/directory_service.go:167.98,169.4 1 0
github.com/telnet2/mysql-vfs/pkg/services/directory_service.go:173.2,174.20 2 0
github.com/telnet2/mysql-vfs/pkg/services/directory_service.go:174.20,176.3 1 0
github.com/telnet2/mysql-vfs/pkg/services/directory_service.go:176.8,178.3 1 0
github.com/telnet2/mysql-vfs/pkg/services/directory_service.go:180.2,180.69 1 0
github.com/telnet2/mysql-vfs/pkg/services/directory_service.go:180.69,182.3 1 0
github.com/telnet2/mysql-vfs/pkg/services/directory_service.go:185.2,186.20 2 0
github.com/telnet2/mysql-vfs/pkg/services/directory_service.go:186.20,188.3 1 0
github.com/telnet2/mysql-vfs/pkg/services/directory_service.go:190.2,190.67 1 0
github.com/telnet2/mysql-vfs/pkg/services/directory_service.go:190.67,192.3 1 0
github.com/telnet2/mysql-vfs/pkg/services/directory_service.go:194.2,194.44 1 0
github.com/telnet2/mysql-vfs/pkg/services/directory_service.go:198.103,199.50 1 0
github.com/telnet2/mysql-vfs/pkg/services/directory_service.go:199.50,202.57 2 0
github.com/telnet2/mysql-vfs/pkg/services/directory_service.go:202.57,204.4 1 0
github.com/telnet2/mysql-vfs/pkg/services/directory_service.go:207.3,208.96 2 0
github.com/telnet2/mysql-vfs/pkg/services/directory_service.go:208.96,209.37 1 0
github.com/telnet2/mysql-vfs/pkg/services/directory_service.go:209.37,211.5 1 0
github.com/telnet2/mysql-vfs/pkg/services/directory_service.go:212.4,212.14 1 0
github.com/telnet2/mysql-vfs/pkg/services/directory_service.go:215.3,215.17 1 0
github.com/telnet2/mysql-vfs/pkg/services/directory_service.go:215.17,218.135 2 0
github.com/telnet2/mysql-vfs/pkg/services/directory_service.go:218.135,220.5 1 0
github.com/telnet2/mysql-vfs/pkg/services/directory_service.go:221.4,221.22 1 0
github.com/telnet2/mysql-vfs/pkg/services/directory_service.go:221.22,223.5 1 0
github.com/telnet2/mysql-vfs/pkg/services/directory_service.go:225.4,226.132 2 0
github.com/telnet2/mysql-vfs/pkg/services/directory_service.go:226.132,228.5 1 0
github.com/telnet2/mysql-vfs/pkg/services/directory_service.go:229.4,229.21 1 0
github.com/telnet2/mysql-vfs/pkg/services/directory_service.go:229.21,231.5 1 0
github.com/telnet2/mysql-vfs/pkg/services/directory_service.go:232.9,234.56 1 0
github.com/telnet2/mysql-vfs/pkg/services/directory_service.go:234.56,236.5 1 0
github.com/telnet2/mysql-vfs/pkg/services/directory_service.go:240.3,240.47 1 0
github.com/telnet2/mysql-vfs/pkg/services/directory_service.go:240.47,242.4 1 0
github.com/telnet2/mysql-vfs/pkg/services/directory_service.go:245.3,250.18 1 0
github.com/telnet2/mysql-vfs/pkg/services/directory_service.go:250.18,252.4 1 0
github.com/telnet2/mysql-vfs/pkg/services/directory_service.go:254.3,254.13 1 0
github.com/telnet2/mysql-vfs/pkg/services/directory_service.go:259.77,261.89 1 0
github.com/telnet2/mysql-vfs/pkg/services/directory_service.go:261.89,263.3 1 0
github.com/telnet2/mysql-vfs/pkg/services/directory_service.go:266.2,267.101 2 0
github.com/telnet2/mysql-vfs/pkg/services/directory_service.go:267.101,269.3 1 0
github.com/telnet2/mysql-vfs/pkg/services/directory_service.go:272.2,272.33 1 0
github.com/telnet2/mysql-vfs/pkg/services/directory_service.go:272.33,273.58 1 0
github.com/telnet2/mysql-vfs/pkg/services/directory_service.go:273.58,275.4 1 0
github.com/telnet2/mysql-vfs/pkg/services/directory_service.go:276.3,276.50 1 0
github.com/telnet2/mysql-vfs/pkg/services/directory_service.go:276.50,278.4 1 0
github.com/telnet2/mysql-vfs/pkg/services/directory_service.go:281.2,281.12 1 0
github.com/telnet2/mysql-vfs/pkg/services/directory_service.go:285.65,286.14 1 0
github.com/telnet2/mysql-vfs/pkg/services/directory_service.go:286.14,288.3 1 0
github.com/telnet2/mysql-vfs/pkg/services/directory_service.go:290.2,293.29 4 0
github.com/telnet2/mysql-vfs/pkg/services/directory_service.go:293.29,296.3 2 0
github.com/telnet2/mysql-vfs/pkg/services/directory_service.go:297.2,297.19 1 0
github.com/telnet2/mysql-vfs/pkg/services/directory_service.go:301.73,303.26 1 0
github.com/telnet2/mysql-vfs/pkg/services/directory_service.go:303.26,308.82 3 0
github.com/telnet2/mysql-vfs/pkg/services/directory_service.go:308.82,309.49 1 0
github.com/telnet2/mysql-vfs/pkg/services/directory_service.go:309.49,311.13 1 0
github.com/telnet2/mysql-vfs/pkg/services/directory_service.go:313.4,313.37 1 0
github.com/telnet2/mysql-vfs/pkg/services/directory_service.go:313.37,315.5 1 0
github.com/telnet2/mysql-vfs/pkg/services/directory_service.go:318.2,318.12 1 0
github.com/telnet2/mysql-vfs/pkg/services/directory_service.go:322.84,324.97 2 0
github.com/telnet2/mysql-vfs/pkg/services/directory_service.go:324.97,325.36 1 0
github.com/telnet2/mysql-vfs/pkg/services/directory_service.go:325.36,327.4 1 0
github.com/telnet2/mysql-vfs/pkg/services/directory_service.go:328.3,328.18 1 0
github.com/telnet2/mysql-vfs/pkg/services/directory_service.go:330.2,330.18 1 0
github.com/telnet2/mysql-vfs/pkg/services/file_service.go:33.72,38.2 1 0
github.com/telnet2/mysql-vfs/pkg/services/file_service.go:41.125,44.22 2 0
github.com/telnet2/mysql-vfs/pkg/services/file_service.go:44.22,47.3 1 0
github.com/telnet2/mysql-vfs/pkg/services/file_service.go:50.2,51.16 2 0
github.com/telnet2/mysql-vfs/pkg/services/file_service.go:51.16,53.3 1 0
github.com/telnet2/mysql-vfs/pkg/services/file_service.go:56.2,67.47 2 0
github.com/telnet2/mysql-vfs/pkg/services/file_service.go:67.47,69.3 1 0
github.com/telnet2/mysql-vfs/pkg/services/file_service.go:71.2,71.12 1 0
github.com/telnet2/mysql-vfs/pkg/services/file_service.go:75.149,77.24 1 0
github.com/telnet2/mysql-vfs/pkg/services/file_service.go:77.24,79.3 1 0
github.com/telnet2/mysql-vfs/pkg/services/file_service.go:82.2,82.47 1 0
github.com/telnet2/mysql-vfs/pkg/services/file_service.go:82.47,84.3 1 0
github.com/telnet2/mysql-vfs/pkg/services/file_service.go:87.2,88.49 2 0
github.com/telnet2/mysql-vfs/pkg/services/file_service.go:88.49,90.3 1 0
github.com/telnet2/mysql-vfs/pkg/services/file_service.go:92.2,99.50 5 0
github.com/telnet2/mysql-vfs/pkg/services/file_service.go:99.50,102.102 2 0
github.com/telnet2/mysql-vfs/pkg/services/file_service.go:102.102,103.37 1 0
github.com/telnet2/mysql-vfs/pkg/services/file_service.go:103.37,105.5 1 0
github.com/telnet2/mysql-vfs/pkg/services/file_service.go:106.4,106.14 1 0
github.com/telnet2/mysql-vfs/pkg/services/file_service.go:110.3,112.17 3 0
github.com/telnet2/mysql-vfs/pkg/services/file_service.go:112.17,114.4 1 0
github.com/telnet2/mysql-vfs/pkg/services/file_service.go:114.9,114.43 1 0
github.com/telnet2/mysql-vfs/pkg/services/file_service.go:114.43,116.4 1 0
github.com/telnet2/mysql-vfs/pkg/services/file_service.go:119.3,123.53 4 0
github.com/telnet2/mysql-vfs/pkg/services/file_service.go:123.53,128.4 3 0
github.com/telnet2/mysql-vfs/pkg/services/file_service.go:128.9,133.81 3 0
github.com/telnet2/mysql-vfs/pkg/services/file_service.go:133.81,135.5 1 0
github.com/telnet2/mysql-vfs/pkg/services/file_service.go:136.4,136.16 1 0
github.com/telnet2/mysql-vfs/pkg/services/file_service.go:140.3,155.47 2 0
github.com/telnet2/mysql-vfs/pkg/services/file_service.go:155.47,157.20 1 0
github.com/telnet2/mysql-vfs/pkg/services/file_service.go:157.20,159.5 1 0
github.com/telnet2/mysql-vfs/pkg/services/file_service.go:160.4,160.62 1 0
github.com/telnet2/mysql-vfs/pkg/services/file_service.go:164.3,177.50 2 0
github.com/telnet2/mysql-vfs/pkg/services/file_service.go:177.50,179.4 1 0
github.com/telnet2/mysql-vfs/pkg/services/file_service.go:182.3,191.18 1 0
github.com/telnet2/mysql-vfs/pkg/services/file_service.go:191.18,193.4 1 0
github.com/telnet2/mysql-vfs/pkg/services/file_service.go:195.3,195.13 1 0
github.com/telnet2/mysql-vfs/pkg/services/file_service.go:198.2,198.16 1 0
github.com/telnet2/mysql-vfs/pkg/services/file_service.go:198.16,200.3 1 0
github.com/telnet2/mysql-vfs/pkg/services/file_service.go:202.2,202.18 1 0
github.com/telnet2/mysql-vfs/pkg/services/file_service.go:206.106,215.16 4 0
github.com/telnet2/mysql-vfs/pkg/services/file_service.go:215.16,216.36 1 0
github.com/telnet2/mysql-vfs/pkg/services/file_service.go:216.36,218.4 1 0
github.com/telnet2/mysql-vfs/pkg/services/file_service.go:219.3,219.23 1 0
github.com/telnet2/mysql-vfs/pkg/services/file_service.go:223.2,224.48 2 0
github.com/telnet2/mysql-vfs/pkg/services/file_service.go:224.48,226.3 1 0
github.com/telnet2/mysql-vfs/pkg/services/file_service.go:226.8,228.17 2 0
github.com/telnet2/mysql-vfs/pkg/services/file_service.go:228.17,230.4 1 0
github.com/telnet2/mysql-vfs/pkg/services/file_service.go:231.3,231.13 1 0
github.com/telnet2/mysql-vfs/pkg/services/file_service.go:234.2,234.27 1 0
github.com/telnet2/mysql-vfs/pkg/services/file_service.go:238.161,239.24 1 0
github.com/telnet2/mysql-vfs/pkg/services/file_service.go:239.24,241.3 1 0
github.com/telnet2/mysql-vfs/pkg/services/file_service.go:244.2,245.49 2 0
github.com/telnet2/mysql-vfs/pkg/services/file_service.go:245.49,247.3 1 0
github.com/telnet2/mysql-vfs/pkg/services/file_service.go:248.2,257.50 6 0
github.com/telnet2/mysql-vfs/pkg/services/file_service.go:257.50,263.17 2 0
github.com/telnet2/mysql-vfs/pkg/services/file_service.go:263.17,264.37 1 0
github.com/telnet2/mysql-vfs/pkg/services/file_service.go:264.37,266.5 1 0
github.com/telnet2/mysql-vfs/pkg/services/file_service.go:267.4,267.14 1 0
github.com/telnet2/mysql-vfs/pkg/services/file_service.go:271.3,271.38 1 0
github.com/telnet2/mysql-vfs/pkg/services/file_service.go:271.38,273.4 1 0
github.com/telnet2/mysql-vfs/pkg/services/file_service.go:276.3,281.53 5 0
github.com/telnet2/mysql-vfs/pkg/services/file_service.go:281.53,287.48 4 0
github.com/telnet2/mysql-vfs/pkg/services/file_service.go:287.48,289.5 1 0
github.com/telnet2/mysql-vfs/pkg/services/file_service.go:290.9,294.81 3 0
github.com/telnet2/mysql-vfs/pkg/services/file_service.go:294.81,296.5 1 0
github.com/telnet2/mysql-vfs/pkg/services/file_service.go:297.4,300.48 2 0
github.com/telnet2/mysql-vfs/pkg/services/file_service.go:300.48,302.5 1 0
github.com/telnet2/mysql-vfs/pkg/services/file_service.go:306.3,315.45 9 0
github.com/telnet2/mysql-vfs/pkg/services/file_service.go:315.45,317.4 1 0
github.com/telnet2/mysql-vfs/pkg/services/file_service.go:320.3,333.50 2 0
github.com/telnet2/mysql-vfs/pkg/services/file_service.go:333.50,335.4 1 0
github.com/telnet2/mysql-vfs/pkg/services/file_service.go:338.3,338.59 1 0
github.com/telnet2/mysql-vfs/pkg/services/file_service.go:338.59,340.4 1 0
github.com/telnet2/mysql-vfs/pkg/services/file_service.go:343.3,343.22 1 0
github.com/telnet2/mysql-vfs/pkg/services/file_service.go:343.22,346.4 1 0
github.com/telnet2/mysql-vfs/pkg/services/file_service.go:349.3,359.18 1 0
github.com/telnet2/mysql-vfs/pkg/services/file_service.go:359.18,361.4 1 0
github.com/telnet2/mysql-vfs/pkg/services/file_service.go:363.3,363.13 1 0
github.com/telnet2/mysql-vfs/pkg/services/file_service.go:366.2,366.16 1 0
github.com/telnet2/mysql-vfs/pkg/services/file_service.go:366.16,368.3 1 0
github.com/telnet2/mysql-vfs/pkg/services/file_service.go:370.2,370.18 1 0
github.com/telnet2/mysql-vfs/pkg/services/file_service.go:374.78,377.50 2 0
github.com/telnet2/mysql-vfs/pkg/services/file_service.go:377.50,384.17 3 0
github.com/telnet2/mysql-vfs/pkg/services/file_service.go:384.17,385.37 1 0
github.com/telnet2/mysql-vfs/pkg/services/file_service.go:385.37,387.5 1 0
github.com/telnet2/mysql-vfs/pkg/services/file_service.go:388.4,388.14 1 0
github.com/telnet2/mysql-vfs/pkg/services/file_service.go:392.3,392.48 1 0
github.com/telnet2/mysql-vfs/pkg/services/file_service.go:392.48,394.4 1 0
github.com/telnet2/mysql-vfs/pkg/services/file_service.go:397.3,402.18 1 0
github.com/telnet2/mysql-vfs/pkg/services/file_service.go:402.18,404.4 1 0
github.com/telnet2/mysql-vfs/pkg/services/file_service.go:407.3,407.68 1 0
github.com/telnet2/mysql-vfs/pkg/services/file_service.go:407.68,409.4 1 0
github.com/telnet2/mysql-vfs/pkg/services/file_service.go:411.3,411.13 1 0
github.com/telnet2/mysql-vfs/pkg/services/file_service.go:416.104,421.50 4 0
github.com/telnet2/mysql-vfs/pkg/services/file_service.go:421.50,427.17 2 0
github.com/telnet2/mysql-vfs/pkg/services/file_service.go:427.17,428.37 1 0
github.com/telnet2/mysql-vfs/pkg/services/file_service.go:428.37,430.5 1 0
github.com/telnet2/mysql-vfs/pkg/services/file_service.go:431.4,431.14 1 0
github.com/telnet2/mysql-vfs/pkg/services/file_service.go:435.3,436.99 2 0
github.com/telnet2/mysql-vfs/pkg/services/file_service.go:436.99,437.37 1 0
github.com/telnet2/mysql-vfs/pkg/services/file_service.go:437.37,439.5 1 0
github.com/telnet2/mysql-vfs/pkg/services/file_service.go:440.4,440.14 1 0
github.com/telnet2/mysql-vfs/pkg/services/file_service.go:444.3,446.17 3 0
github.com/telnet2/mysql-vfs/pkg/services/file_service.go:446.17,448.4 1 0
github.com/telnet2/mysql-vfs/pkg/services/file_service.go:448.9,448.43 1 0
github.com/telnet2/mysql-vfs/pkg/services/file_service.go:448.43,450.4 1 0
github.com/telnet2/mysql-vfs/pkg/services/file_service.go:453.3,460.45 6 0
github.com/telnet2/mysql-vfs/pkg/services/file_service.go:460.45,462.4 1 0
github.com/telnet2/mysql-vfs/pkg/services/file_service.go:465.3,473.18 1 0
github.com/telnet2/mysql-vfs/pkg/services/file_service.go:473.18,475.4 1 0
github.com/telnet2/mysql-vfs/pkg/services/file_service.go:477.3,477.13 1 0
github.com/telnet2/mysql-vfs/pkg/services/file_service.go:480.2,480.16 1 0
github.com/telnet2/mysql-vfs/pkg/services/file_service.go:480.16,482.3 1 0
github.com/telnet2/mysql-vfs/pkg/services/file_service.go:484.2,484.18 1 0
github.com/telnet2/mysql-vfs/pkg/services/file_service.go:488.76,490.107 2 0
github.com/telnet2/mysql-vfs/pkg/services/file_service.go:490.107,492.3 1 0
github.com/telnet2/mysql-vfs/pkg/services/file_service.go:494.2,494.34 1 0
github.com/telnet2/mysql-vfs/pkg/services/file_service.go:494.34,496.3 1 0
github.com/telnet2/mysql-vfs/pkg/services/file_service.go:499.2,499.47 1 0
github.com/telnet2/mysql-vfs/pkg/services/file_service.go:499.47,500.55 1 0
github.com/telnet2/mysql-vfs/pkg/services/file_service.go:500.55,502.4 1 0
github.com/telnet2/mysql-vfs/pkg/services/file_service.go:505.3,505.82 1 0
github.com/telnet2/mysql-vfs/pkg/services/file_service.go:505.82,508.4 1 0
github.com/telnet2/mysql-vfs/pkg/services/file_service.go:511.2,511.12 1 0
github.com/telnet2/mysql-vfs/pkg/services/file_service.go:515.51,518.2 2 0
github.com/telnet2/mysql-vfs/pkg/services/file_service.go:521.67,523.21 2 0
github.com/telnet2/mysql-vfs/pkg/services/file_service.go:523.21,525.3 1 0
github.com/telnet2/mysql-vfs/pkg/services/file_service.go:526.2,526.20 1 0
github.com/telnet2/mysql-vfs/pkg/services/file_service.go:526.20,528.3 1 0
github.com/telnet2/mysql-vfs/pkg/services/file_service.go:529.2,529.53 1 0
github.com/telnet2/mysql-vfs/pkg/services/opa_service.go:20.45,22.2 1 0
github.com/telnet2/mysql-vfs/pkg/services/opa_service.go:31.158,38.119 4 0
github.com/telnet2/mysql-vfs/pkg/services/opa_service.go:38.119,39.36 1 0
github.com/telnet2/mysql-vfs/pkg/services/opa_service.go:39.36,45.4 1 0
github.com/telnet2/mysql-vfs/pkg/services/opa_service.go:46.3,46.60 1 0
github.com/telnet2/mysql-vfs/pkg/services/opa_service.go:50.2,50.9 1 0
github.com/telnet2/mysql-vfs/pkg/services/opa_service.go:51.20,56.9 1 0
github.com/telnet2/mysql-vfs/pkg/services/opa_service.go:57.10,57.10 0 0
github.com/telnet2/mysql-vfs/pkg/services/opa_service.go:63.2,68.22 2 0
github.com/telnet2/mysql-vfs/pkg/services/opa_service.go:72.87,75.97 2 0
github.com/telnet2/mysql-vfs/pkg/services/opa_service.go:75.97,76.36 1 0
github.com/telnet2/mysql-vfs/pkg/services/opa_service.go:76.36,78.4 1 0
github.com/telnet2/mysql-vfs/pkg/services/opa_service.go:79.3,79.18 1 0
github.com/telnet2/mysql-vfs/pkg/services/opa_service.go:83.2,83.28 1 0
github.com/telnet2/mysql-vfs/pkg/services/opa_service.go:83.28,85.85 2 0
github.com/telnet2/mysql-vfs/pkg/services/opa_service.go:85.85,87.4 1 0
github.com/telnet2/mysql-vfs/pkg/services/opa_service.go:88.3,88.22 1 0
github.com/telnet2/mysql-vfs/pkg/services/opa_service.go:92.2,92.25 1 0
github.com/telnet2/mysql-vfs/pkg/services/opa_service.go:92.25,94.82 2 0
github.com/telnet2/mysql-vfs/pkg/services/opa_service.go:94.82,96.4 1 0
github.com/telnet2/mysql-vfs/pkg/services/opa_service.go:97.3,97.46 1 0
github.com/telnet2/mysql-vfs/pkg/services/opa_service.go:101.2,101.17 1 0
github.com/telnet2/mysql-vfs/pkg/services/opa_service.go:105.102,111.22 3 0
github.com/telnet2/mysql-vfs/pkg/services/opa_service.go:111.22,115.3 3 0
github.com/telnet2/mysql-vfs/pkg/services/opa_service.go:117.2,128.13 2 0
github.com/telnet2/mysql-vfs/pkg/services/opa_service.go:128.13,131.3 2 0
github.com/telnet2/mysql-vfs/pkg/services/opa_service.go:133.2,133.50 1 0
github.com/telnet2/mysql-vfs/pkg/services/opa_service.go:133.50,135.3 1 0
github.com/telnet2/mysql-vfs/pkg/services/opa_service.go:137.2,137.20 1 0
github.com/telnet2/mysql-vfs/pkg/services/opa_service.go:141.91,143.76 2 0
github.com/telnet2/mysql-vfs/pkg/services/opa_service.go:143.76,144.36 1 0
github.com/telnet2/mysql-vfs/pkg/services/opa_service.go:144.36,146.4 1 0
github.com/telnet2/mysql-vfs/pkg/services/opa_service.go:147.3,147.18 1 0
github.com/telnet2/mysql-vfs/pkg/services/opa_service.go:151.2,154.22 3 0
github.com/telnet2/mysql-vfs/pkg/services/opa_service.go:154.22,158.3 3 0
github.com/telnet2/mysql-vfs/pkg/services/opa_service.go:160.2,165.13 5 0
github.com/telnet2/mysql-vfs/pkg/services/opa_service.go:165.13,168.3 2 0
github.com/telnet2/mysql-vfs/pkg/services/opa_service.go:170.2,170.49 1 0
github.com/telnet2/mysql-vfs/pkg/services/opa_service.go:170.49,172.3 1 0
github.com/telnet2/mysql-vfs/pkg/services/opa_service.go:174.2,174.21 1 0
github.com/telnet2/mysql-vfs/pkg/services/opa_service.go:178.129,181.16 2 0
github.com/telnet2/mysql-vfs/pkg/services/opa_service.go:181.16,183.3 1 0
github.com/telnet2/mysql-vfs/pkg/services/opa_service.go:185.2,185.19 1 0
github.com/telnet2/mysql-vfs/pkg/services/opa_service.go:185.19,188.3 1 0
github.com/telnet2/mysql-vfs/pkg/services/opa_service.go:191.2,192.16 2 0
github.com/telnet2/mysql-vfs/pkg/services/opa_service.go:192.16,195.3 1 0
github.com/telnet2/mysql-vfs/pkg/services/opa_service.go:197.2,197.30 1 0
